2018-04-07 13:02:54  INFO com.empire.patch.generator.SvnPatchGenerator:110 : 生成补丁包:D:\update\ump20170420_chery_pc\2018-04-07-01-02-53.zip
2018-04-07 13:02:54  INFO com.empire.patch.generator.GeneratePatchExecutor:42 : 生成补丁成功
2018-04-07 13:04:13  INFO com.empire.patch.generator.SvnPatchObjectReceiver:68 : 版本:14431,作者:aaron,时间:2018-03-29T16:02:47.528+0800
2018-04-07 13:04:13  INFO com.empire.patch.generator.SvnPatchObjectReceiver:69 : 修改内容:奇瑞新需求，短信、道路救援等
2018-04-07 13:04:13  INFO com.empire.patch.generator.SvnPatchObjectReceiver:100 : M:/tags/ump20170420_chery_pc/src/main/java/com/nineclient/utils/SendSmsUtil.java
2018-04-07 13:04:13  INFO com.empire.patch.generator.SvnPatchObjectReceiver:100 : M:/tags/ump20170420_chery_pc/src/main/java/com/nineclient/cherry/wcc/web/WccChVehicleController.java
2018-04-07 13:04:13  INFO com.empire.patch.generator.SvnPatchObjectReceiver:100 : M:/tags/ump20170420_chery_pc/src/main/java/com/nineclient/cherry/wcc/web/page/PagesMemberController.java
2018-04-07 13:04:13  INFO com.empire.patch.generator.SvnPatchObjectReceiver:100 : M:/tags/ump20170420_chery_pc/src/main/java/com/nineclient/cherry/wcc/web/page/PagesServiceController.java
2018-04-07 13:04:13  INFO com.empire.patch.generator.SvnPatchObjectReceiver:100 : M:/tags/ump20170420_chery_pc/src/main/java/com/nineclient/cherry/wcc/web/WccChRescueController.java
2018-04-07 13:04:13  INFO com.empire.patch.generator.SvnPatchObjectReceiver:100 : M:/tags/ump20170420_chery_pc/src/main/java/com/nineclient/cherry/wcc/model/WccChRescue.java
2018-04-07 13:04:13  INFO com.empire.patch.generator.SvnPatchObjectReceiver:68 : 版本:14432,作者:aaron,时间:2018-03-29T16:03:37.172+0800
2018-04-07 13:04:13  INFO com.empire.patch.generator.SvnPatchObjectReceiver:69 : 修改内容:道路救援、车辆解绑
2018-04-07 13:04:13  INFO com.empire.patch.generator.SvnPatchObjectReceiver:68 : 版本:14434,作者:aaron,时间:2018-03-29T17:08:57.999+0800
2018-04-07 13:04:13  INFO com.empire.patch.generator.SvnPatchObjectReceiver:69 : 修改内容:道路救援bug修改
2018-04-07 13:04:13  INFO com.empire.patch.generator.SvnPatchObjectReceiver:100 : M:/tags/ump20170420_chery_pc/src/main/java/com/nineclient/cherry/wcc/model/WccChRescue.java
2018-04-07 13:04:13  INFO com.empire.patch.generator.SvnPatchGenerator:110 : 生成补丁包:D:\update\ump20170420_chery_pc\2018-04-07-01-04-10.zip
2018-04-07 13:04:13  INFO com.empire.patch.generator.GeneratePatchExecutor:42 : 生成补丁成功
2018-04-07 13:05:02  INFO com.empire.patch.generator.SvnPatchGenerator:110 : 生成补丁包:D:\update\ump20170420_chery_pc\2018-04-07-01-05-02.zip
2018-04-07 13:05:02  INFO com.empire.patch.generator.GeneratePatchExecutor:42 : 生成补丁成功
2018-04-07 13:05:42  INFO com.empire.patch.generator.GitPatchGenerator:122 : old:README.md,oper:MODIFY,new:README.md
2018-04-07 13:05:42  INFO com.empire.patch.generator.GitPatchGenerator:122 : old:emsite-parent/emsite-service-common-api/src/main/java/com/empire/emsite/common/dto/BaseDataDTO.java,oper:MODIFY,new:emsite-parent/emsite-service-common-api/src/main/java/com/empire/emsite/common/dto/BaseDataDTO.java
2018-04-07 13:05:42  INFO com.empire.patch.generator.GitPatchGenerator:122 : old:/dev/null,oper:ADD,new:emsite-parent/emsite-service-common-api/src/main/java/com/empire/emsite/common/dto/BaseTreeDTO.java
2018-04-07 13:05:42  INFO com.empire.patch.generator.GitPatchGenerator:122 : old:emsite-parent/emsite-service-common-api/src/main/java/com/empire/emsite/common/persistence/BaseEntity.java,oper:MODIFY,new:emsite-parent/emsite-service-common-api/src/main/java/com/empire/emsite/common/persistence/BaseEntity.java
2018-04-07 13:05:42  INFO com.empire.patch.generator.GitPatchGenerator:122 : old:emsite-parent/emsite-service-common-dbs/src/main/java/com/empire/emsite/common/persistence/interceptor/BaseInterceptor.java,oper:MODIFY,new:emsite-parent/emsite-service-common-dbs/src/main/java/com/empire/emsite/common/persistence/interceptor/BaseInterceptor.java
2018-04-07 13:05:42  INFO com.empire.patch.generator.GitPatchGenerator:122 : old:emsite-parent/emsite-service-common-dbs/src/main/java/com/empire/emsite/common/persistence/interceptor/PaginationInterceptor.java,oper:MODIFY,new:emsite-parent/emsite-service-common-dbs/src/main/java/com/empire/emsite/common/persistence/interceptor/PaginationInterceptor.java
2018-04-07 13:05:42  INFO com.empire.patch.generator.GitPatchGenerator:122 : old:emsite-parent/emsite-service-common-dbs/src/main/java/com/empire/emsite/common/persistence/interceptor/PreparePaginationInterceptor.java,oper:MODIFY,new:emsite-parent/emsite-service-common-dbs/src/main/java/com/empire/emsite/common/persistence/interceptor/PreparePaginationInterceptor.java
2018-04-07 13:05:42  INFO com.empire.patch.generator.GitPatchGenerator:122 : old:emsite-parent/emsite-service-common-dbs/src/main/java/com/empire/emsite/common/persistence/interceptor/SQLHelper.java,oper:MODIFY,new:emsite-parent/emsite-service-common-dbs/src/main/java/com/empire/emsite/common/persistence/interceptor/SQLHelper.java
2018-04-07 13:05:42  INFO com.empire.patch.generator.GitPatchGenerator:122 : old:/dev/null,oper:ADD,new:emsite-parent/emsite-service-dbs/src/main/java/com/empire/emsite/common/config/Global.java
2018-04-07 13:05:42  INFO com.empire.patch.generator.GitPatchGenerator:122 : old:emsite-parent/emsite-service-dbs/src/main/resources/mybatis-config.xml,oper:MODIFY,new:emsite-parent/emsite-service-dbs/src/main/resources/mybatis-config.xml
2018-04-07 13:05:42  INFO com.empire.patch.generator.GitPatchGenerator:122 : old:emsite-parent/emsite/src/main/java/com/empire/emsite/common/config/Global.java,oper:MODIFY,new:emsite-parent/emsite/src/main/java/com/empire/emsite/common/config/Global.java
2018-04-07 13:05:42  INFO com.empire.patch.generator.GitPatchGenerator:94 : 生成补丁包:D:\update\emsite-parent\2018-04-07-01-05-41.zip
2018-04-07 13:05:42  INFO com.empire.patch.generator.GeneratePatchExecutor:42 : 生成补丁成功
2018-04-07 13:05:58  INFO com.empire.patch.generator.GitPatchGenerator:94 : 生成补丁包:D:\update\emsite-parent.zip
2018-04-07 13:05:58  INFO com.empire.patch.generator.GeneratePatchExecutor:42 : 生成补丁成功
